<?xml version="1.0" encoding="UTF-8"?>
<!-- Generated by org.testng.reporters.JUnitXMLReporter -->
<testsuite ignored="0" hostname="MSI" failures="0" tests="2" name="Test" time="0.556" errors="0" timestamp="2022-09-16T11:16:19 IST">
  <testcase classname="AutomationProject.HomePage" name="@BeforeTest startBrowser" time="0.525">
    <failure type="io.github.bonigarcia.wdm.config.WebDriverManagerException" message="java.net.UnknownHostException: api.github.com">
      <![CDATA[io.github.bonigarcia.wdm.config.WebDriverManagerException: java.net.UnknownHostException: api.github.com
at io.github.bonigarcia.wdm.WebDriverManager.handleException(WebDriverManager.java:1416)
at io.github.bonigarcia.wdm.WebDriverManager.manage(WebDriverManager.java:1197)
at io.github.bonigarcia.wdm.WebDriverManager.fallback(WebDriverManager.java:1432)
at io.github.bonigarcia.wdm.WebDriverManager.handleException(WebDriverManager.java:1409)
at io.github.bonigarcia.wdm.WebDriverManager.manage(WebDriverManager.java:1197)
at io.github.bonigarcia.wdm.WebDriverManager.setup(WebDriverManager.java:417)
at io.github.bonigarcia.wdm.WebDriverManager.create(WebDriverManager.java:422)
at AutomationProject.Base.initializeDriver(Base.java:51)
at AutomationProject.HomePage.startBrowser(HomePage.java:18)
at java.base/java.util.concurrent.FutureTask.run(FutureTask.java:264)
at java.base/java.util.concurrent.ThreadPoolExecutor.runWorker(ThreadPoolExecutor.java:1136)
at java.base/java.util.concurrent.ThreadPoolExecutor$Worker.run(ThreadPoolExecutor.java:635)
at java.base/java.lang.Thread.run(Thread.java:833)
Caused by: java.net.UnknownHostException: api.github.com
at java.base/java.net.InetAddress$CachedAddresses.get(InetAddress.java:801)
at java.base/java.net.InetAddress.getAllByName0(InetAddress.java:1519)
at java.base/java.net.InetAddress.getAllByName(InetAddress.java:1377)
at java.base/java.net.InetAddress.getAllByName(InetAddress.java:1305)
at org.apache.hc.client5.http.SystemDefaultDnsResolver.resolve(SystemDefaultDnsResolver.java:43)
at org.apache.hc.client5.http.impl.io.DefaultHttpClientConnectionOperator.connect(DefaultHttpClientConnectionOperator.java:118)
at org.apache.hc.client5.http.impl.io.PoolingHttpClientConnectionManager.connect(PoolingHttpClientConnectionManager.java:396)
at org.apache.hc.client5.http.impl.classic.InternalExecRuntime.connectEndpoint(InternalExecRuntime.java:158)
at org.apache.hc.client5.http.impl.classic.InternalExecRuntime.connectEndpoint(InternalExecRuntime.java:168)
at org.apache.hc.client5.http.impl.classic.ConnectExec.execute(ConnectExec.java:136)
at org.apache.hc.client5.http.impl.classic.ExecChainElement.execute(ExecChainElement.java:51)
at org.apache.hc.client5.http.impl.classic.ExecChainElement$1.proceed(ExecChainElement.java:57)
at org.apache.hc.client5.http.impl.classic.ProtocolExec.execute(ProtocolExec.java:175)
at org.apache.hc.client5.http.impl.classic.ExecChainElement.execute(ExecChainElement.java:51)
at org.apache.hc.client5.http.impl.classic.ExecChainElement$1.proceed(ExecChainElement.java:57)
at org.apache.hc.client5.http.impl.classic.HttpRequestRetryExec.execute(HttpRequestRetryExec.java:96)
at org.apache.hc.client5.http.impl.classic.ExecChainElement.execute(ExecChainElement.java:51)
at org.apache.hc.client5.http.impl.classic.ExecChainElement$1.proceed(ExecChainElement.java:57)
at org.apache.hc.client5.http.impl.classic.ContentCompressionExec.execute(ContentCompressionExec.java:133)
at org.apache.hc.client5.http.impl.classic.ExecChainElement.execute(ExecChainElement.java:51)
at org.apache.hc.client5.http.impl.classic.ExecChainElement$1.proceed(ExecChainElement.java:57)
at org.apache.hc.client5.http.impl.classic.RedirectExec.execute(RedirectExec.java:115)
at org.apache.hc.client5.http.impl.classic.ExecChainElement.execute(ExecChainElement.java:51)
at org.apache.hc.client5.http.impl.classic.InternalHttpClient.doExecute(InternalHttpClient.java:170)
at org.apache.hc.client5.http.impl.classic.CloseableHttpClient.execute(CloseableHttpClient.java:75)
at org.apache.hc.client5.http.impl.classic.CloseableHttpClient.execute(CloseableHttpClient.java:89)
at io.github.bonigarcia.wdm.online.HttpClient.execute(HttpClient.java:158)
at io.github.bonigarcia.wdm.WebDriverManager.openGitHubConnection(WebDriverManager.java:1600)
at io.github.bonigarcia.wdm.WebDriverManager.getDriversFromGitHub(WebDriverManager.java:1614)
at io.github.bonigarcia.wdm.managers.FirefoxDriverManager.getDriverUrls(FirefoxDriverManager.java:102)
at io.github.bonigarcia.wdm.WebDriverManager.createUrlHandler(WebDriverManager.java:1437)
at io.github.bonigarcia.wdm.WebDriverManager.download(WebDriverManager.java:1272)
at io.github.bonigarcia.wdm.WebDriverManager.manage(WebDriverManager.java:1191)
... 25 more
... Removed 14 stack frames]]>
    </failure>
  </testcase> <!-- @BeforeTest startBrowser -->
  <testcase classname="AutomationProject.Assertions" name="@BeforeTest startBrowser" time="0.525">
    <failure type="io.github.bonigarcia.wdm.config.WebDriverManagerException" message="java.net.UnknownHostException: api.github.com">
      <![CDATA[io.github.bonigarcia.wdm.config.WebDriverManagerException: java.net.UnknownHostException: api.github.com
at io.github.bonigarcia.wdm.WebDriverManager.handleException(WebDriverManager.java:1416)
at io.github.bonigarcia.wdm.WebDriverManager.manage(WebDriverManager.java:1197)
at io.github.bonigarcia.wdm.WebDriverManager.fallback(WebDriverManager.java:1432)
at io.github.bonigarcia.wdm.WebDriverManager.handleException(WebDriverManager.java:1409)
at io.github.bonigarcia.wdm.WebDriverManager.manage(WebDriverManager.java:1197)
at io.github.bonigarcia.wdm.WebDriverManager.setup(WebDriverManager.java:417)
at io.github.bonigarcia.wdm.WebDriverManager.create(WebDriverManager.java:422)
at AutomationProject.Base.initializeDriver(Base.java:51)
at AutomationProject.Assertions.startBrowser(Assertions.java:19)
at java.base/java.util.concurrent.FutureTask.run(FutureTask.java:264)
at java.base/java.util.concurrent.ThreadPoolExecutor.runWorker(ThreadPoolExecutor.java:1136)
at java.base/java.util.concurrent.ThreadPoolExecutor$Worker.run(ThreadPoolExecutor.java:635)
at java.base/java.lang.Thread.run(Thread.java:833)
Caused by: java.net.UnknownHostException: api.github.com
at java.base/java.net.InetAddress$CachedAddresses.get(InetAddress.java:801)
at java.base/java.net.InetAddress.getAllByName0(InetAddress.java:1519)
at java.base/java.net.InetAddress.getAllByName(InetAddress.java:1377)
at java.base/java.net.InetAddress.getAllByName(InetAddress.java:1305)
at org.apache.hc.client5.http.SystemDefaultDnsResolver.resolve(SystemDefaultDnsResolver.java:43)
at org.apache.hc.client5.http.impl.io.DefaultHttpClientConnectionOperator.connect(DefaultHttpClientConnectionOperator.java:118)
at org.apache.hc.client5.http.impl.io.PoolingHttpClientConnectionManager.connect(PoolingHttpClientConnectionManager.java:396)
at org.apache.hc.client5.http.impl.classic.InternalExecRuntime.connectEndpoint(InternalExecRuntime.java:158)
at org.apache.hc.client5.http.impl.classic.InternalExecRuntime.connectEndpoint(InternalExecRuntime.java:168)
at org.apache.hc.client5.http.impl.classic.ConnectExec.execute(ConnectExec.java:136)
at org.apache.hc.client5.http.impl.classic.ExecChainElement.execute(ExecChainElement.java:51)
at org.apache.hc.client5.http.impl.classic.ExecChainElement$1.proceed(ExecChainElement.java:57)
at org.apache.hc.client5.http.impl.classic.ProtocolExec.execute(ProtocolExec.java:175)
at org.apache.hc.client5.http.impl.classic.ExecChainElement.execute(ExecChainElement.java:51)
at org.apache.hc.client5.http.impl.classic.ExecChainElement$1.proceed(ExecChainElement.java:57)
at org.apache.hc.client5.http.impl.classic.HttpRequestRetryExec.execute(HttpRequestRetryExec.java:96)
at org.apache.hc.client5.http.impl.classic.ExecChainElement.execute(ExecChainElement.java:51)
at org.apache.hc.client5.http.impl.classic.ExecChainElement$1.proceed(ExecChainElement.java:57)
at org.apache.hc.client5.http.impl.classic.ContentCompressionExec.execute(ContentCompressionExec.java:133)
at org.apache.hc.client5.http.impl.classic.ExecChainElement.execute(ExecChainElement.java:51)
at org.apache.hc.client5.http.impl.classic.ExecChainElement$1.proceed(ExecChainElement.java:57)
at org.apache.hc.client5.http.impl.classic.RedirectExec.execute(RedirectExec.java:115)
at org.apache.hc.client5.http.impl.classic.ExecChainElement.execute(ExecChainElement.java:51)
at org.apache.hc.client5.http.impl.classic.InternalHttpClient.doExecute(InternalHttpClient.java:170)
at org.apache.hc.client5.http.impl.classic.CloseableHttpClient.execute(CloseableHttpClient.java:75)
at org.apache.hc.client5.http.impl.classic.CloseableHttpClient.execute(CloseableHttpClient.java:89)
at io.github.bonigarcia.wdm.online.HttpClient.execute(HttpClient.java:158)
at io.github.bonigarcia.wdm.WebDriverManager.openGitHubConnection(WebDriverManager.java:1600)
at io.github.bonigarcia.wdm.WebDriverManager.getDriversFromGitHub(WebDriverManager.java:1614)
at io.github.bonigarcia.wdm.managers.FirefoxDriverManager.getDriverUrls(FirefoxDriverManager.java:102)
at io.github.bonigarcia.wdm.WebDriverManager.createUrlHandler(WebDriverManager.java:1437)
at io.github.bonigarcia.wdm.WebDriverManager.download(WebDriverManager.java:1272)
at io.github.bonigarcia.wdm.WebDriverManager.manage(WebDriverManager.java:1191)
... 25 more
... Removed 14 stack frames]]>
    </failure>
  </testcase> <!-- @BeforeTest startBrowser -->
  <testcase classname="AutomationProject.HomePage" name="@AfterTest closeBrowser" time="0.0">
    <skipped/>
  </testcase> <!-- @AfterTest closeBrowser -->
  <testcase classname="AutomationProject.Assertions" name="@AfterTest closeBrowser" time="0.0">
    <skipped/>
  </testcase> <!-- @AfterTest closeBrowser -->
  <testcase classname="AutomationProject.HomePage" name="openBrowser" time="0.0">
    <skipped/>
  </testcase> <!-- openBrowser -->
  <testcase classname="AutomationProject.HomePage" name="openBrowser" time="0.0">
    <skipped/>
  </testcase> <!-- openBrowser -->
</testsuite> <!-- Test -->
